<?xml version="1.0" encoding="UTF-8"?>
<!-- Generated by org.testng.reporters.JUnitXMLReporter -->
<testsuite ignored="0" hostname="L-PG02KLQH" failures="0" tests="4" name="Default test" time="0.053" errors="0" timestamp="2022-01-17T23:23:19 PST">
  <testcase classname="com.testNG.groupingintestNG" name="Test1" time="0.007"/>
  <testcase classname="com.testNG.groupingintestNG" name="Test2" time="0.001"/>
  <testcase classname="com.testNG.groupingintestNG" name="Test3" time="0.001"/>
  <testcase classname="com.testNG.groupingintestNG" name="Test4" time="0.001"/>
</testsuite> <!-- Default test -->
