<?xml version="1.0" encoding="UTF-8"?>
<!-- Generated by org.testng.reporters.JUnitXMLReporter -->
<testsuite ignored="1" hostname="L-PG02KLQH" failures="0" tests="3" name="Test1" time="0.046" errors="0" timestamp="2022-01-17T23:22:35 PST">
  <testcase classname="com.testNG.groupingintestNG" name="Test1" time="0.008"/>
  <testcase classname="com.testNG.groupingintestNG" name="Test2" time="0.001"/>
  <testcase classname="com.testNG.groupingintestNG" name="Test3" time="0.001"/>
  <testcase classname="com.testNG.groupingintestNG" name="Test4" time="0.0">
    <ignored/>
  </testcase> <!-- Test4 -->
</testsuite> <!-- Test1 -->
